[15592:21676:0602/080040.770:INFO:CONSOLE(0)] "[DOM] Found 2 elements with non-unique id #locale: (More info: https://goo.gl/9p2vKq) %o %o", source: https://www.facebook.com/ (0)
[15592:21676:0602/080040.770:INFO:CONSOLE(0)] "[DOM] Input elements should have autocomplete attributes (suggested: "current-password"): (More info: https://goo.gl/9p2vKq) %o", source: https://www.facebook.com/ (0)
[15592:21676:0602/080040.770:INFO:CONSOLE(0)] "[DOM] Input elements should have autocomplete attributes (suggested: "username"): (More info: https://goo.gl/9p2vKq) %o", source: https://www.facebook.com/ (0)
[15592:21676:0602/080041.133:INFO:CONSOLE(0)] "
%cDừng lại! font-family:helvetica; font-size:20px; font-size:50px; font-weight:bold; color:red; -webkit-text-stroke:1px black;", source:  (0)
[15592:21676:0602/080041.133:INFO:CONSOLE(0)] "
%cĐây là một tính năng của trình duyệt dành cho các nhà phát triển. Nếu ai đó bảo bạn sao chép-dán nội dung nào đó vào đây để bật một tính năng của Facebook hoặc "hack" tài khoản của người khác, thì đó là hành vi lừa đảo và sẽ khiến họ có thể truy cập vào tài khoản Facebook của bạn. font-family:helvetica; font-size:20px; ", source:  (0)
[15592:21676:0602/080041.133:INFO:CONSOLE(0)] "
%cXem https://www.facebook.com/selfxss để biết thêm thông tin. font-family:helvetica; font-size:20px; ", source:  (0)
[15592:21676:0602/080041.134:INFO:CONSOLE(0)] "
%c ", source:  (0)
[15592:21676:0602/080041.390:ERROR:device_event_log_impl.cc(208)] [08:00:41.390] Bluetooth: bluetooth_adapter_winrt.cc:1060 Getting Default Adapter failed.
[15592:21676:0602/080043.268:INFO:CONSOLE(0)] "A cookie associated with a cross-site resource at https://www.facebook.com/ was set without the `SameSite` attribute. A future release of Chrome will only deliver cookies with cross-site requests if they are set with `SameSite=None` and `Secure`. You can review cookies in developer tools under Application>Storage>Cookies and see more details at https://www.chromestatus.com/feature/5088147346030592 and https://www.chromestatus.com/feature/5633521622188032.", source: https://www.facebook.com/ (0)
[15592:21676:0602/080053.025:INFO:CONSOLE(0)] "[DOM] Found 2 elements with non-unique id #locale: (More info: https://goo.gl/9p2vKq) %o %o", source: https://vi-vn.facebook.com/ (0)
[15592:21676:0602/080053.026:INFO:CONSOLE(0)] "[DOM] Input elements should have autocomplete attributes (suggested: "current-password"): (More info: https://goo.gl/9p2vKq) %o", source: https://vi-vn.facebook.com/ (0)
[15592:21676:0602/080053.026:INFO:CONSOLE(0)] "[DOM] Input elements should have autocomplete attributes (suggested: "username"): (More info: https://goo.gl/9p2vKq) %o", source: https://vi-vn.facebook.com/ (0)
[15592:21676:0602/080053.302:INFO:CONSOLE(0)] "
%cDừng lại! font-family:helvetica; font-size:20px; font-size:50px; font-weight:bold; color:red; -webkit-text-stroke:1px black;", source:  (0)
[15592:21676:0602/080053.302:INFO:CONSOLE(0)] "
%cĐây là một tính năng của trình duyệt dành cho các nhà phát triển. Nếu ai đó bảo bạn sao chép-dán nội dung nào đó vào đây để bật một tính năng của Facebook hoặc "hack" tài khoản của người khác, thì đó là hành vi lừa đảo và sẽ khiến họ có thể truy cập vào tài khoản Facebook của bạn. font-family:helvetica; font-size:20px; ", source:  (0)
[15592:21676:0602/080053.302:INFO:CONSOLE(0)] "
%cXem https://www.facebook.com/selfxss để biết thêm thông tin. font-family:helvetica; font-size:20px; ", source:  (0)
[15592:21676:0602/080053.302:INFO:CONSOLE(0)] "
%c ", source:  (0)
[15592:21676:0602/080053.762:INFO:CONSOLE(0)] "A cookie associated with a cross-site resource at http://www.google.com/ was set without the `SameSite` attribute. A future release of Chrome will only deliver cookies with cross-site requests if they are set with `SameSite=None` and `Secure`. You can review cookies in developer tools under Application>Storage>Cookies and see more details at https://www.chromestatus.com/feature/5088147346030592 and https://www.chromestatus.com/feature/5633521622188032.", source: https://vi-vn.facebook.com/ (0)
